d:\git\project-3rd-sem-aftermath-\aftermath -- sfml\aftermath -- sfml\release\vc143.pdb
d:\git\project-3rd-sem-aftermath-\aftermath -- sfml\aftermath -- sfml\release\state.obj
d:\git\project-3rd-sem-aftermath-\aftermath -- sfml\aftermath -- sfml\release\mainmenustate.obj
d:\git\project-3rd-sem-aftermath-\aftermath -- sfml\aftermath -- sfml\release\main.obj
d:\git\project-3rd-sem-aftermath-\aftermath -- sfml\aftermath -- sfml\release\gamestate.obj
d:\git\project-3rd-sem-aftermath-\aftermath -- sfml\aftermath -- sfml\release\game.obj
d:\git\project-3rd-sem-aftermath-\aftermath -- sfml\aftermath -- sfml\release\entity.obj
d:\git\project-3rd-sem-aftermath-\aftermath -- sfml\aftermath -- sfml\release\button.obj
d:\git\project-3rd-sem-aftermath-\aftermath -- sfml\aftermath -- sfml\release\player.obj
d:\git\project-3rd-sem-aftermath-\aftermath -- sfml\aftermath -- sfml\release\movementcomponent.obj
d:\git\project-3rd-sem-aftermath-\aftermath -- sfml\aftermath -- sfml\release\editorstate.obj
d:\git\project-3rd-sem-aftermath-\aftermath -- sfml\aftermath -- sfml\release\hitboxcomponent.obj
d:\git\project-3rd-sem-aftermath-\aftermath -- sfml\aftermath -- sfml\release\animationcomponent.obj
d:\git\project-3rd-sem-aftermath-\aftermath -- sfml\aftermath -- sfml\release\pausemenu.obj
d:\git\project-3rd-sem-aftermath-\aftermath -- sfml\aftermath -- sfml\release\settingsstate.obj
d:\git\project-3rd-sem-aftermath-\aftermath -- sfml\aftermath -- sfml\release\gui.obj
d:\git\project-3rd-sem-aftermath-\aftermath -- sfml\release\aftermath -- sfml.exe
d:\git\project-3rd-sem-aftermath-\aftermath -- sfml\aftermath -- sfml\release\aftermath -- sfml.ipdb
d:\git\project-3rd-sem-aftermath-\aftermath -- sfml\aftermath -- sfml\release\aftermath -- sfml.iobj
d:\git\project-3rd-sem-aftermath-\aftermath -- sfml\release\aftermath -- sfml.pdb
d:\git\project-3rd-sem-aftermath-\aftermath -- sfml\aftermath -- sfml\release\aftermat.c0dae248.tlog\cl.command.1.tlog
d:\git\project-3rd-sem-aftermath-\aftermath -- sfml\aftermath -- sfml\release\aftermat.c0dae248.tlog\cl.read.1.tlog
d:\git\project-3rd-sem-aftermath-\aftermath -- sfml\aftermath -- sfml\release\aftermat.c0dae248.tlog\cl.write.1.tlog
d:\git\project-3rd-sem-aftermath-\aftermath -- sfml\aftermath -- sfml\release\aftermat.c0dae248.tlog\link.command.1.tlog
d:\git\project-3rd-sem-aftermath-\aftermath -- sfml\aftermath -- sfml\release\aftermat.c0dae248.tlog\link.read.1.tlog
d:\git\project-3rd-sem-aftermath-\aftermath -- sfml\aftermath -- sfml\release\aftermat.c0dae248.tlog\link.write.1.tlog
