d:\git\project-3rd-sem-aftermath-\aftermath -- sfml\aftermath -- sfml\debug\aftermath -- sfml.pch
d:\git\project-3rd-sem-aftermath-\aftermath -- sfml\aftermath -- sfml\debug\vc143.pdb
d:\git\project-3rd-sem-aftermath-\aftermath -- sfml\aftermath -- sfml\debug\vc143.idb
d:\git\project-3rd-sem-aftermath-\aftermath -- sfml\aftermath -- sfml\debug\stdafx.obj
d:\git\project-3rd-sem-aftermath-\aftermath -- sfml\aftermath -- sfml\debug\tile.obj
d:\git\project-3rd-sem-aftermath-\aftermath -- sfml\aftermath -- sfml\debug\state.obj
d:\git\project-3rd-sem-aftermath-\aftermath -- sfml\aftermath -- sfml\debug\settingsstate.obj
d:\git\project-3rd-sem-aftermath-\aftermath -- sfml\aftermath -- sfml\debug\player.obj
d:\git\project-3rd-sem-aftermath-\aftermath -- sfml\aftermath -- sfml\debug\pausemenu.obj
d:\git\project-3rd-sem-aftermath-\aftermath -- sfml\aftermath -- sfml\debug\movementcomponent.obj
d:\git\project-3rd-sem-aftermath-\aftermath -- sfml\aftermath -- sfml\debug\mainmenustate.obj
d:\git\project-3rd-sem-aftermath-\aftermath -- sfml\aftermath -- sfml\debug\hitboxcomponent.obj
d:\git\project-3rd-sem-aftermath-\aftermath -- sfml\aftermath -- sfml\debug\gamestate.obj
d:\git\project-3rd-sem-aftermath-\aftermath -- sfml\aftermath -- sfml\debug\entity.obj
d:\git\project-3rd-sem-aftermath-\aftermath -- sfml\aftermath -- sfml\debug\editorstate.obj
d:\git\project-3rd-sem-aftermath-\aftermath -- sfml\aftermath -- sfml\debug\gui.obj
d:\git\project-3rd-sem-aftermath-\aftermath -- sfml\aftermath -- sfml\debug\animationcomponent.obj
d:\git\project-3rd-sem-aftermath-\aftermath -- sfml\aftermath -- sfml\debug\game.obj
d:\git\project-3rd-sem-aftermath-\aftermath -- sfml\aftermath -- sfml\debug\main.obj
d:\git\project-3rd-sem-aftermath-\aftermath -- sfml\aftermath -- sfml\debug\tilemap.obj
d:\git\project-3rd-sem-aftermath-\aftermath -- sfml\aftermath -- sfml\debug\aftermath -- sfml.ilk
d:\git\project-3rd-sem-aftermath-\aftermath -- sfml\debug\aftermath -- sfml.exe
d:\git\project-3rd-sem-aftermath-\aftermath -- sfml\debug\aftermath -- sfml.pdb
d:\git\project-3rd-sem-aftermath-\aftermath -- sfml\aftermath -- sfml\debug\aftermat.c0dae248.tlog\cl.command.1.tlog
d:\git\project-3rd-sem-aftermath-\aftermath -- sfml\aftermath -- sfml\debug\aftermat.c0dae248.tlog\cl.read.1.tlog
d:\git\project-3rd-sem-aftermath-\aftermath -- sfml\aftermath -- sfml\debug\aftermat.c0dae248.tlog\cl.write.1.tlog
d:\git\project-3rd-sem-aftermath-\aftermath -- sfml\aftermath -- sfml\debug\aftermat.c0dae248.tlog\link.command.1.tlog
d:\git\project-3rd-sem-aftermath-\aftermath -- sfml\aftermath -- sfml\debug\aftermat.c0dae248.tlog\link.read.1.tlog
d:\git\project-3rd-sem-aftermath-\aftermath -- sfml\aftermath -- sfml\debug\aftermat.c0dae248.tlog\link.write.1.tlog
